This is pdfTeX, Version 3.141592653-2.6-1.40.25 (TeX Live 2023) (preloaded format=pdflatex 2024.2.1)  1 FEB 2024 17:28
entering extended mode
 restricted \write18 enabled.
 file:line:error style messages enabled.
 %&-line parsing enabled.
**1
(./1.tex
LaTeX2e <2022-11-01> patch level 1
L3 programming layer <2023-02-22>

! LaTeX Error: File `ieeecolor.cls' not found.

Type X to quit or <RETURN> to proceed,
or enter new name. (Default extension: cls)

Enter file name: 
./1.tex:2: Emergency stop.
<read *> 
         
l.2 \usepackage
               {tmi}^^M
*** (cannot \read from terminal in nonstop modes)

 
Here is how much of TeX's memory you used:
 23 strings out of 476025
 456 string characters out of 5790018
 1849388 words of memory out of 5000000
 20574 multiletter control sequences out of 15000+600000
 512287 words of font info for 32 fonts, out of 8000000 for 9000
 1141 hyphenation exceptions out of 8191
 19i,0n,29p,79b,17s stack positions out of 10000i,1000n,20000p,200000b,200000s
./1.tex:2:  ==> Fatal error occurred, no output PDF file produced!
